2025-11-20 14:30:35,383 DEBUG    root            Loaded Command Group: ['gcloud', 'components']
2025-11-20 14:30:35,414 DEBUG    root            Loaded Command Group: ['gcloud', 'components', 'update']
2025-11-20 14:30:35,417 DEBUG    root            Running [gcloud.components.update] with arguments: [--quiet: "True", COMPONENT-IDS:8: "['gcloud', 'core', 'bq', 'gsutil', 'compute', 'preview', 'alpha', 'beta']"]
2025-11-20 14:30:35,418 INFO     ___FILE_ONLY___ Beginning update. This process may take several minutes.

2025-11-20 14:30:35,426 DEBUG    urllib3.connectionpool Starting new HTTPS connection (1): dl.google.com:443
2025-11-20 14:30:35,445 DEBUG    urllib3.connectionpool https://dl.google.com:443 "GET /dl/cloudsdk/channels/rapid/components-2.json HTTP/1.1" 200 24782
2025-11-20 14:30:35,456 WARNING  root            Component [compute] no longer exists.
2025-11-20 14:30:35,457 INFO     ___FILE_ONLY___ 

2025-11-20 14:30:35,457 INFO     ___FILE_ONLY___ 
Your current Google Cloud CLI version is: 548.0.0

2025-11-20 14:30:35,457 INFO     ___FILE_ONLY___ Installing components from version: 548.0.0

2025-11-20 14:30:35,457 INFO     ___FILE_ONLY___ 

2025-11-20 14:30:35,458 DEBUG    root            Chosen display Format:table[box,title="These components will be removed."](details.display_name:label=Name:align=left,version.version_string:label=Version:align=right,data.size.size(zero="",min=1048576):label=Size:align=right)
2025-11-20 14:30:35,458 DEBUG    root            Chosen display Format:table[box,title="These components will be updated."](details.display_name:label=Name:align=left,version.version_string:label=Version:align=right,data.size.size(zero="",min=1048576):label=Size:align=right)
2025-11-20 14:30:35,458 DEBUG    root            Chosen display Format:table[box,title="These components will be installed."](details.display_name:label=Name:align=left,version.version_string:label=Version:align=right,data.size.size(zero="",min=1048576):label=Size:align=right)
2025-11-20 14:30:35,474 INFO     ___FILE_ONLY___ ┌────────────────────────────────────────────────┐
2025-11-20 14:30:35,474 INFO     ___FILE_ONLY___ 

2025-11-20 14:30:35,474 INFO     ___FILE_ONLY___ │      These components will be installed.       │
2025-11-20 14:30:35,474 INFO     ___FILE_ONLY___ 

2025-11-20 14:30:35,474 INFO     ___FILE_ONLY___ ├─────────────────────────┬────────────┬─────────┤
2025-11-20 14:30:35,474 INFO     ___FILE_ONLY___ 

2025-11-20 14:30:35,474 INFO     ___FILE_ONLY___ │           Name          │  Version   │   Size  │
2025-11-20 14:30:35,474 INFO     ___FILE_ONLY___ 

2025-11-20 14:30:35,475 INFO     ___FILE_ONLY___ ├─────────────────────────┼────────────┼─────────┤
2025-11-20 14:30:35,475 INFO     ___FILE_ONLY___ 

2025-11-20 14:30:35,475 INFO     ___FILE_ONLY___ │ 
2025-11-20 14:30:35,475 INFO     ___FILE_ONLY___ gcloud Alpha Commands  
2025-11-20 14:30:35,475 INFO     ___FILE_ONLY___  
2025-11-20 14:30:35,475 INFO     ___FILE_ONLY___ │ 
2025-11-20 14:30:35,475 INFO     ___FILE_ONLY___ 2025.11.17
2025-11-20 14:30:35,475 INFO     ___FILE_ONLY___  
2025-11-20 14:30:35,475 INFO     ___FILE_ONLY___ │ 
2025-11-20 14:30:35,475 INFO     ___FILE_ONLY___ < 1 MiB
2025-11-20 14:30:35,475 INFO     ___FILE_ONLY___  
2025-11-20 14:30:35,475 INFO     ___FILE_ONLY___ │
2025-11-20 14:30:35,475 INFO     ___FILE_ONLY___ 

2025-11-20 14:30:35,475 INFO     ___FILE_ONLY___ │ 
2025-11-20 14:30:35,475 INFO     ___FILE_ONLY___ gcloud Beta Commands   
2025-11-20 14:30:35,475 INFO     ___FILE_ONLY___  
2025-11-20 14:30:35,475 INFO     ___FILE_ONLY___ │ 
2025-11-20 14:30:35,475 INFO     ___FILE_ONLY___ 2025.11.17
2025-11-20 14:30:35,475 INFO     ___FILE_ONLY___  
2025-11-20 14:30:35,475 INFO     ___FILE_ONLY___ │ 
2025-11-20 14:30:35,476 INFO     ___FILE_ONLY___ < 1 MiB
2025-11-20 14:30:35,476 INFO     ___FILE_ONLY___  
2025-11-20 14:30:35,476 INFO     ___FILE_ONLY___ │
2025-11-20 14:30:35,476 INFO     ___FILE_ONLY___ 

2025-11-20 14:30:35,476 INFO     ___FILE_ONLY___ │ 
2025-11-20 14:30:35,476 INFO     ___FILE_ONLY___ gcloud Preview Commands
2025-11-20 14:30:35,476 INFO     ___FILE_ONLY___  
2025-11-20 14:30:35,476 INFO     ___FILE_ONLY___ │ 
2025-11-20 14:30:35,476 INFO     ___FILE_ONLY___           
2025-11-20 14:30:35,476 INFO     ___FILE_ONLY___  
2025-11-20 14:30:35,476 INFO     ___FILE_ONLY___ │ 
2025-11-20 14:30:35,476 INFO     ___FILE_ONLY___ < 1 MiB
2025-11-20 14:30:35,476 INFO     ___FILE_ONLY___  
2025-11-20 14:30:35,476 INFO     ___FILE_ONLY___ │
2025-11-20 14:30:35,476 INFO     ___FILE_ONLY___ 

2025-11-20 14:30:35,476 INFO     ___FILE_ONLY___ └─────────────────────────┴────────────┴─────────┘
2025-11-20 14:30:35,476 INFO     ___FILE_ONLY___ 

2025-11-20 14:30:35,476 INFO     ___FILE_ONLY___ 

2025-11-20 14:30:35,479 DEBUG    urllib3.connectionpool Starting new HTTPS connection (1): dl.google.com:443
2025-11-20 14:30:35,488 DEBUG    urllib3.connectionpool https://dl.google.com:443 "GET /dl/cloudsdk/channels/rapid/RELEASE_NOTES HTTP/1.1" 200 339882
2025-11-20 14:30:36,016 INFO     ___FILE_ONLY___ For the latest full release notes, please visit:
  https://cloud.google.com/sdk/release_notes


2025-11-20 14:30:36,016 INFO     ___FILE_ONLY___ Performing in place update...


2025-11-20 14:30:36,018 INFO     ___FILE_ONLY___ ╔════════════════════════════════════════════════════════════╗

2025-11-20 14:30:36,018 INFO     ___FILE_ONLY___ ╠═ Downloading: gcloud Alpha Commands                       ═╣

2025-11-20 14:30:36,018 INFO     ___FILE_ONLY___ ╚
2025-11-20 14:30:36,021 DEBUG    urllib3.connectionpool Starting new HTTPS connection (1): dl.google.com:443
2025-11-20 14:30:36,035 DEBUG    urllib3.connectionpool https://dl.google.com:443 "GET /dl/cloudsdk/channels/rapid/components/google-cloud-sdk-alpha-20251117224618.tar.gz HTTP/1.1" 200 800
2025-11-20 14:30:36,035 INFO     ___FILE_ONLY___ ════════════════════════════════════════════════════════════
2025-11-20 14:30:36,036 INFO     ___FILE_ONLY___ ╝

2025-11-20 14:30:36,037 INFO     ___FILE_ONLY___ ╔════════════════════════════════════════════════════════════╗

2025-11-20 14:30:36,037 INFO     ___FILE_ONLY___ ╠═ Downloading: gcloud Beta Commands                        ═╣

2025-11-20 14:30:36,037 INFO     ___FILE_ONLY___ ╚
2025-11-20 14:30:36,040 DEBUG    urllib3.connectionpool Starting new HTTPS connection (1): dl.google.com:443
2025-11-20 14:30:36,052 DEBUG    urllib3.connectionpool https://dl.google.com:443 "GET /dl/cloudsdk/channels/rapid/components/google-cloud-sdk-beta-20251117224618.tar.gz HTTP/1.1" 200 797
2025-11-20 14:30:36,052 INFO     ___FILE_ONLY___ ════════════════════════════════════════════════════════════
2025-11-20 14:30:36,052 INFO     ___FILE_ONLY___ ╝

2025-11-20 14:30:36,054 INFO     ___FILE_ONLY___ ╔════════════════════════════════════════════════════════════╗

2025-11-20 14:30:36,054 INFO     ___FILE_ONLY___ ╠═ Downloading: gcloud Preview Commands                     ═╣

2025-11-20 14:30:36,054 INFO     ___FILE_ONLY___ ╚
2025-11-20 14:30:36,057 DEBUG    urllib3.connectionpool Starting new HTTPS connection (1): dl.google.com:443
2025-11-20 14:30:36,102 DEBUG    urllib3.connectionpool https://dl.google.com:443 "GET /dl/cloudsdk/channels/rapid/components/google-cloud-sdk-preview-20241115154308.tar.gz HTTP/1.1" 200 823
2025-11-20 14:30:36,103 INFO     ___FILE_ONLY___ ════════════════════════════════════════════════════════════
2025-11-20 14:30:36,103 INFO     ___FILE_ONLY___ ╝

2025-11-20 14:30:36,105 INFO     ___FILE_ONLY___ ╔════════════════════════════════════════════════════════════╗

2025-11-20 14:30:36,105 INFO     ___FILE_ONLY___ ╠═ Installing: gcloud Alpha Commands                        ═╣

2025-11-20 14:30:36,105 INFO     ___FILE_ONLY___ ╚
2025-11-20 14:30:36,106 INFO     ___FILE_ONLY___ ════════════════════════════════════════════════════════════
2025-11-20 14:30:36,106 INFO     ___FILE_ONLY___ ╝

2025-11-20 14:30:36,111 INFO     ___FILE_ONLY___ ╔════════════════════════════════════════════════════════════╗

2025-11-20 14:30:36,111 INFO     ___FILE_ONLY___ ╠═ Installing: gcloud Beta Commands                         ═╣

2025-11-20 14:30:36,111 INFO     ___FILE_ONLY___ ╚
2025-11-20 14:30:36,112 INFO     ___FILE_ONLY___ ════════════════════════════════════════════════════════════
2025-11-20 14:30:36,112 INFO     ___FILE_ONLY___ ╝

2025-11-20 14:30:36,117 INFO     ___FILE_ONLY___ ╔════════════════════════════════════════════════════════════╗

2025-11-20 14:30:36,117 INFO     ___FILE_ONLY___ ╠═ Installing: gcloud Preview Commands                      ═╣

2025-11-20 14:30:36,117 INFO     ___FILE_ONLY___ ╚
2025-11-20 14:30:36,117 INFO     ___FILE_ONLY___ ════════════════════════════════════════════════════════════
2025-11-20 14:30:36,117 INFO     ___FILE_ONLY___ ╝

2025-11-20 14:30:36,122 DEBUG    root            Updating notification cache...
2025-11-20 14:30:36,122 INFO     ___FILE_ONLY___ 

2025-11-20 14:30:36,124 INFO     ___FILE_ONLY___ Performing post processing steps...
2025-11-20 14:30:36,124 DEBUG    root            Executing command: ['/tools/google-cloud-sdk/bin/gcloud', 'components', 'post-process']
2025-11-20 14:30:44,435 DEBUG    ___FILE_ONLY___ 
2025-11-20 14:30:44,435 DEBUG    ___FILE_ONLY___ 
2025-11-20 14:30:44,638 INFO     root            descriptor_list: [{'universeDomain': 'googleapis.com', 'universeShortName': '', 'authenticationDomain': 'auth.cloud.google.com', 'projectPrefix': '', 'cloudWebDomain': 'cloud.google.com', 'documentationDomain': 'cloud.google.com', 'version': '1.0.0', 'state': 'primary', 'artifactRegistryDomain': 'pkg.dev'}]
2025-11-20 14:30:44,638 INFO     ___FILE_ONLY___ 
Update done!


2025-11-20 14:30:44,640 DEBUG    root            Chosen display Format:none
2025-11-20 14:30:44,641 INFO     root            Display format: "none"
